<?xml version="1.0" encoding="UTF-8"?>
<!-- Generated by org.testng.reporters.JUnitXMLReporter -->
<testsuite ignored="0" hostname="MuhammadHaris-PC" failures="0" tests="30" name="Default test" time="332.821" errors="0" timestamp="2021-08-26T19:56:11 PKT">
  <testcase classname="SiteAdministration.ServerPermissions" name="verifyDefaultPermissionGroup" time="12.066"/>
  <testcase classname="SiteAdministration.ServerPermissions" name="verifyDeleteDefaultPermissionGroup" time="4.521"/>
  <testcase classname="SiteAdministration.ServerPermissions" name="verifyEditDefaultPermissionGroup" time="6.178"/>
  <testcase classname="SiteAdministration.ServerPermissions" name="verifyViewDefaultPermissionGroup" time="8.166"/>
  <testcase classname="SiteAdministration.ServerPermissions" name="verifyCopyDefaultPermissionGroup" time="8.539"/>
  <testcase classname="SiteAdministration.ServerPermissions" name="verifyAllPermissionsexceptFourEyePrinciple" time="9.135"/>
  <testcase classname="SiteAdministration.ServerPermissions" name="verifyAddNewPermissionGroupwithDescription" time="7.753"/>
  <testcase classname="SiteAdministration.ServerPermissions" name="verifyAddNewPermissionGroup" time="7.526"/>
  <testcase classname="SiteAdministration.ServerPermissions" name="verifyDeletePermissionGroupotherthanDefaultassignedtoUser" time="35.459"/>
  <testcase classname="SiteAdministration.ServerPermissions" name="verifyAddNewPermissionGroupwithoutGroupName" time="9.024"/>
  <testcase classname="SiteAdministration.ServerPermissions" name="verifyAddNewPermissionGroupwithSpecialCharacters" time="9.189"/>
  <testcase classname="SiteAdministration.ServerPermissions" name="verifyAddNewPermissionGroupwithLength50" time="9.029"/>
  <testcase classname="SiteAdministration.ServerPermissions" name="verifyAddNewPermissionGroupwithmaxLength" time="6.511"/>
  <testcase classname="SiteAdministration.ServerPermissions" name="verifyDeletePermissionGroup" time="7.829"/>
  <testcase classname="SiteAdministration.ServerPermissions" name="verifyPermissionforUserinGroups" time="5.581"/>
  <testcase classname="SiteAdministration.ServerPermissions" name="verifyEnablePermissioncbEnabledwhenViewUsersnotenabled" time="7.602"/>
  <testcase classname="SiteAdministration.ServerPermissions" name="verifyPermissionforNodesinGroup" time="8.399"/>
  <testcase classname="SiteAdministration.ServerPermissions" name="verifyPermissionforPacketizerinGroup" time="8.379"/>
  <testcase classname="SiteAdministration.ServerPermissions" name="verifyPermissionforSIPTrunkinGroup" time="8.475"/>
  <testcase classname="SiteAdministration.ServerPermissions" name="verifyPermissionforTrunkinGroup" time="8.534"/>
  <testcase classname="SiteAdministration.ServerPermissions" name="verifyPermissionforBoardinGroup" time="8.489"/>
  <testcase classname="SiteAdministration.ServerPermissions" name="verifyPermissionforEquipmentinGroup" time="9.394"/>
  <testcase classname="SiteAdministration.ServerPermissions" name="verifyPermissionforStorageSettingsinGroup" time="8.469"/>
  <testcase classname="SiteAdministration.ServerPermissions" name="verifyPermissionforSysteminGroup" time="8.396"/>
  <testcase classname="SiteAdministration.ServerPermissions" name="verifyPermissionforTracesinGroup" time="8.607"/>
  <testcase classname="SiteAdministration.ServerPermissions" name="verifyPermissionforEmailTemplateinGroup" time="30.631"/>
  <testcase classname="SiteAdministration.ServerPermissions" name="verifyPermissionforServerIncidentsinGroup" time="8.85"/>
  <testcase classname="SiteAdministration.ServerPermissions" name="verifyPermissionforBranchinGroup" time="8.401"/>
  <testcase classname="SiteAdministration.ServerPermissions" name="verifyViewServerPermissionAgainstPage" time="41.314"/>
  <testcase classname="SiteAdministration.ServerPermissions" name="verifyViewServerPermissiondisabled" time="7.445"/>
</testsuite> <!-- Default test -->
