<?xml version="1.0" encoding="UTF-8"?>
<!-- Generated by org.testng.reporters.JUnitXMLReporter -->
<testsuite ignored="29" hostname="MuhammadHaris-PC" failures="0" tests="1" name="Test" time="13.782" errors="0" timestamp="2021-08-30T16:32:23 PKT">
  <testcase classname="SiteAdministration.ServerPermissions" name="verifyDefaultPermissionGroup" time="8.054"/>
  <testcase classname="SiteAdministration.ServerPermissions" name="verifyAddNewPermissionGroupwithLength50" time="0.0">
    <ignored/>
  </testcase> <!-- verifyAddNewPermissionGroupwithLength50 -->
  <testcase classname="SiteAdministration.ServerPermissions" name="verifyPermissionforEquipmentinGroup" time="0.0">
    <ignored/>
  </testcase> <!-- verifyPermissionforEquipmentinGroup -->
  <testcase classname="SiteAdministration.ServerPermissions" name="verifyViewServerPermissionAgainstPage" time="0.0">
    <ignored/>
  </testcase> <!-- verifyViewServerPermissionAgainstPage -->
  <testcase classname="SiteAdministration.ServerPermissions" name="verifyPermissionforBranchinGroup" time="0.0">
    <ignored/>
  </testcase> <!-- verifyPermissionforBranchinGroup -->
  <testcase classname="SiteAdministration.ServerPermissions" name="verifyPermissionforUserinGroups" time="0.0">
    <ignored/>
  </testcase> <!-- verifyPermissionforUserinGroups -->
  <testcase classname="SiteAdministration.ServerPermissions" name="verifyViewDefaultPermissionGroup" time="0.0">
    <ignored/>
  </testcase> <!-- verifyViewDefaultPermissionGroup -->
  <testcase classname="SiteAdministration.ServerPermissions" name="verifyDeletePermissionGroup" time="0.0">
    <ignored/>
  </testcase> <!-- verifyDeletePermissionGroup -->
  <testcase classname="SiteAdministration.ServerPermissions" name="verifyAddNewPermissionGroupwithoutGroupName" time="0.0">
    <ignored/>
  </testcase> <!-- verifyAddNewPermissionGroupwithoutGroupName -->
  <testcase classname="SiteAdministration.ServerPermissions" name="verifyViewServerPermissiondisabled" time="0.0">
    <ignored/>
  </testcase> <!-- verifyViewServerPermissiondisabled -->
  <testcase classname="SiteAdministration.ServerPermissions" name="verifyPermissionforEmailTemplateinGroup" time="0.0">
    <ignored/>
  </testcase> <!-- verifyPermissionforEmailTemplateinGroup -->
  <testcase classname="SiteAdministration.ServerPermissions" name="verifyEnablePermissioncbEnabledwhenViewUsersnotenabled" time="0.0">
    <ignored/>
  </testcase> <!-- verifyEnablePermissioncbEnabledwhenViewUsersnotenabled -->
  <testcase classname="SiteAdministration.ServerPermissions" name="verifyPermissionforPacketizerinGroup" time="0.0">
    <ignored/>
  </testcase> <!-- verifyPermissionforPacketizerinGroup -->
  <testcase classname="SiteAdministration.ServerPermissions" name="verifyAllPermissionsexceptFourEyePrinciple" time="0.0">
    <ignored/>
  </testcase> <!-- verifyAllPermissionsexceptFourEyePrinciple -->
  <testcase classname="SiteAdministration.ServerPermissions" name="verifyPermissionforStorageSettingsinGroup" time="0.0">
    <ignored/>
  </testcase> <!-- verifyPermissionforStorageSettingsinGroup -->
  <testcase classname="SiteAdministration.ServerPermissions" name="verifyCopyDefaultPermissionGroup" time="0.0">
    <ignored/>
  </testcase> <!-- verifyCopyDefaultPermissionGroup -->
  <testcase classname="SiteAdministration.ServerPermissions" name="verifyAddNewPermissionGroupwithmaxLength" time="0.0">
    <ignored/>
  </testcase> <!-- verifyAddNewPermissionGroupwithmaxLength -->
  <testcase classname="SiteAdministration.ServerPermissions" name="verifyEditDefaultPermissionGroup" time="0.0">
    <ignored/>
  </testcase> <!-- verifyEditDefaultPermissionGroup -->
  <testcase classname="SiteAdministration.ServerPermissions" name="verifyPermissionforTrunkinGroup" time="0.0">
    <ignored/>
  </testcase> <!-- verifyPermissionforTrunkinGroup -->
  <testcase classname="SiteAdministration.ServerPermissions" name="verifyPermissionforSIPTrunkinGroup" time="0.0">
    <ignored/>
  </testcase> <!-- verifyPermissionforSIPTrunkinGroup -->
  <testcase classname="SiteAdministration.ServerPermissions" name="verifyDeletePermissionGroupotherthanDefaultassignedtoUser" time="0.0">
    <ignored/>
  </testcase> <!-- verifyDeletePermissionGroupotherthanDefaultassignedtoUser -->
  <testcase classname="SiteAdministration.ServerPermissions" name="verifyDeleteDefaultPermissionGroup" time="0.0">
    <ignored/>
  </testcase> <!-- verifyDeleteDefaultPermissionGroup -->
  <testcase classname="SiteAdministration.ServerPermissions" name="verifyAddNewPermissionGroupwithSpecialCharacters" time="0.0">
    <ignored/>
  </testcase> <!-- verifyAddNewPermissionGroupwithSpecialCharacters -->
  <testcase classname="SiteAdministration.ServerPermissions" name="verifyAddNewPermissionGroup" time="0.0">
    <ignored/>
  </testcase> <!-- verifyAddNewPermissionGroup -->
  <testcase classname="SiteAdministration.ServerPermissions" name="verifyPermissionforTracesinGroup" time="0.0">
    <ignored/>
  </testcase> <!-- verifyPermissionforTracesinGroup -->
  <testcase classname="SiteAdministration.ServerPermissions" name="verifyPermissionforSysteminGroup" time="0.0">
    <ignored/>
  </testcase> <!-- verifyPermissionforSysteminGroup -->
  <testcase classname="SiteAdministration.ServerPermissions" name="verifyAddNewPermissionGroupwithDescription" time="0.0">
    <ignored/>
  </testcase> <!-- verifyAddNewPermissionGroupwithDescription -->
  <testcase classname="SiteAdministration.ServerPermissions" name="verifyPermissionforNodesinGroup" time="0.0">
    <ignored/>
  </testcase> <!-- verifyPermissionforNodesinGroup -->
  <testcase classname="SiteAdministration.ServerPermissions" name="verifyPermissionforServerIncidentsinGroup" time="0.0">
    <ignored/>
  </testcase> <!-- verifyPermissionforServerIncidentsinGroup -->
  <testcase classname="SiteAdministration.ServerPermissions" name="verifyPermissionforBoardinGroup" time="0.0">
    <ignored/>
  </testcase> <!-- verifyPermissionforBoardinGroup -->
</testsuite> <!-- Test -->
