<?xml version="1.0" encoding="UTF-8"?>
<!-- Generated by org.testng.reporters.JUnitXMLReporter -->
<testsuite ignored="2" hostname="MuhammadHaris-PC" failures="0" tests="3" name="Test" time="35.086" errors="0" timestamp="2021-09-08T17:42:38 PKT">
  <testcase classname="SiteAdministration.NewTest" name="ClearBranchTable" time="8.083"/>
  <testcase classname="SiteAdministration.NewTest1" name="DeletePermissionGroupsOtherthanDefault" time="18.779"/>
  <testcase classname="SiteAdministration.NewTest" name="ClearBranchTable" time="6.678"/>
  <testcase classname="SiteAdministration.NewTest" name="@AfterTest afterTest" time="0.0">
    <ignored/>
  </testcase> <!-- @AfterTest afterTest -->
  <testcase classname="SiteAdministration.NewTest" name="@BeforeTest beforeTest" time="0.0">
    <ignored/>
  </testcase> <!-- @BeforeTest beforeTest -->
</testsuite> <!-- Test -->
