<?xml version="1.0" encoding="UTF-8"?>
<testng-results ignored="29" total="30" passed="1" failed="0" skipped="0">
  <reporter-output>
  </reporter-output>
  <suite started-at="2021-08-30T16:32:09 PKT" name="Suite" finished-at="2021-08-30T16:32:23 PKT" duration-ms="13782">
    <groups>
    </groups>
    <test started-at="2021-08-30T16:32:09 PKT" name="Test" finished-at="2021-08-30T16:32:23 PKT" duration-ms="13782">
      <class name="SiteAdministration.ServerPermissions">
        <test-method is-config="true" signature="beforeTest()[pri:0, instance:SiteAdministration.ServerPermissions@20ce78ec]" started-at="2021-08-30T16:32:09 PKT" name="beforeTest" finished-at="2021-08-30T16:32:10 PKT" duration-ms="1332" status="PASS">
          <reporter-output>
          </reporter-output>
        </test-method> <!-- beforeTest -->
        <test-method signature="verifyDefaultPermissionGroup()[pri:0, instance:SiteAdministration.ServerPermissions@20ce78ec]" started-at="2021-08-30T16:32:10 PKT" name="verifyDefaultPermissionGroup" finished-at="2021-08-30T16:32:18 PKT" duration-ms="8054" status="PASS">
          <reporter-output>
          </reporter-output>
        </test-method> <!-- verifyDefaultPermissionGroup -->
        <test-method is-config="true" signature="afterTest()[pri:0, instance:SiteAdministration.ServerPermissions@20ce78ec]" started-at="2021-08-30T16:32:18 PKT" name="afterTest" finished-at="2021-08-30T16:32:23 PKT" duration-ms="4362" status="PASS">
          <reporter-output>
          </reporter-output>
        </test-method> <!-- afterTest -->
      </class> <!-- SiteAdministration.ServerPermissions -->
    </test> <!-- Test -->
  </suite> <!-- Suite -->
</testng-results>
